[2019-10-15 18:03:36.646] [exthost] [info] extension host started
[2019-10-15 18:03:36.727] [exthost] [info] ExtensionService#_doActivateExtension vscode.extension-editing {"startup":false,"activationEvent":"onLanguage:typescript"}
[2019-10-15 18:03:36.727] [exthost] [info] ExtensionService#loadCommonJSModule /home/travis/build/codercom/code-server/packages/server/build/extensions/extension-editing/dist/extension
[2019-10-15 18:03:36.751] [exthost] [info] ExtensionService#_doActivateExtension vscode.typescript-language-features {"startup":false,"activationEvent":"onLanguage:typescript"}
[2019-10-15 18:03:36.751] [exthost] [info] ExtensionService#loadCommonJSModule /home/travis/build/codercom/code-server/packages/server/build/extensions/typescript-language-features/dist/extension
[2019-10-15 18:03:36.792] [exthost] [info] ExtensionService#_doActivateExtension vscode.debug-auto-launch {"startup":true,"activationEvent":"*"}
[2019-10-15 18:03:36.792] [exthost] [info] ExtensionService#loadCommonJSModule /home/travis/build/codercom/code-server/packages/server/build/extensions/debug-auto-launch/dist/extension
[2019-10-15 18:03:36.795] [exthost] [info] ExtensionService#_doActivateExtension vscode.emmet {"startup":true,"activationEvent":"*"}
[2019-10-15 18:03:36.795] [exthost] [info] ExtensionService#loadCommonJSModule /home/travis/build/codercom/code-server/packages/server/build/extensions/emmet/dist/extension
[2019-10-15 18:03:36.806] [exthost] [info] ExtensionService#_doActivateExtension vscode.git {"startup":true,"activationEvent":"*"}
[2019-10-15 18:03:36.806] [exthost] [info] ExtensionService#loadCommonJSModule /home/travis/build/codercom/code-server/packages/server/build/extensions/git/dist/main
[2019-10-15 18:03:36.894] [exthost] [info] ExtensionService#_doActivateExtension vscode.merge-conflict {"startup":true,"activationEvent":"*"}
[2019-10-15 18:03:36.894] [exthost] [info] ExtensionService#loadCommonJSModule /home/travis/build/codercom/code-server/packages/server/build/extensions/merge-conflict/dist/extension
[2019-10-15 18:03:36.944] [exthost] [info] eager extensions activated
[2019-10-15 18:31:15.674] [exthost] [info] ExtensionService#_doActivateExtension vscode.configuration-editing {"startup":false,"activationEvent":"onLanguage:json"}
[2019-10-15 18:31:15.674] [exthost] [info] ExtensionService#loadCommonJSModule /home/travis/build/codercom/code-server/packages/server/build/extensions/configuration-editing/dist/extension
[2019-10-15 18:31:15.680] [exthost] [info] ExtensionService#_doActivateExtension vscode.json-language-features {"startup":false,"activationEvent":"onLanguage:json"}
[2019-10-15 18:31:15.680] [exthost] [info] ExtensionService#loadCommonJSModule /home/travis/build/codercom/code-server/packages/server/build/extensions/json-language-features/client/dist/jsonMain
[2019-10-15 18:31:15.724] [exthost] [info] ExtensionService#_doActivateExtension vscode.npm {"startup":false,"activationEvent":"onLanguage:json"}
[2019-10-15 18:31:15.724] [exthost] [info] ExtensionService#loadCommonJSModule /home/travis/build/codercom/code-server/packages/server/build/extensions/npm/dist/main
